<?xml version="1.0" encoding="UTF-8"?>
<!-- Generated by org.testng.reporters.JUnitReportReporter -->
<testsuite hostname="INPNRLT0512" failures="0" tests="1" name="com.vervesquare.qa.testcases.FlightPageTest" time="58.377" errors="0" timestamp="2020-10-04T19:20:17 IST" skipped="0">
  <testcase classname="com.vervesquare.qa.testcases.FlightPageTest" name="automateVerveSquareScenario" time="58.377"/>
  <system-out/>
</testsuite> <!-- com.vervesquare.qa.testcases.FlightPageTest -->
